c:\users\gorya\source\repos\sfmlengine\sfmlengine\x64\debug\vc143.pdb
c:\users\gorya\source\repos\sfmlengine\sfmlengine\x64\debug\vc143.idb
c:\users\gorya\source\repos\sfmlengine\sfmlengine\x64\debug\engine.obj
c:\users\gorya\source\repos\sfmlengine\sfmlengine\x64\debug\display.obj
c:\users\gorya\source\repos\sfmlengine\sfmlengine\x64\debug\main.obj
c:\users\gorya\source\repos\sfmlengine\sfmlengine\x64\debug\imgui_widgets.obj
c:\users\gorya\source\repos\sfmlengine\sfmlengine\x64\debug\imgui_tables.obj
c:\users\gorya\source\repos\sfmlengine\sfmlengine\x64\debug\imgui_draw.obj
c:\users\gorya\source\repos\sfmlengine\sfmlengine\x64\debug\imgui.obj
c:\users\gorya\source\repos\sfmlengine\sfmlengine\x64\debug\assetmanager.obj
c:\users\gorya\source\repos\sfmlengine\x64\debug\sfmlengine.exe
c:\users\gorya\source\repos\sfmlengine\x64\debug\sfmlengine.pdb
c:\users\gorya\source\repos\sfmlengine\sfmlengine\x64\debug\sfmlengine.ilk
c:\users\gorya\source\repos\sfmlengine\sfmlengine\x64\debug\sfmlengine.obj
c:\users\gorya\source\repos\sfmlengine\sfmlengine\x64\debug\sfmlengine.tlog\cl.command.1.tlog
c:\users\gorya\source\repos\sfmlengine\sfmlengine\x64\debug\sfmlengine.tlog\cl.items.tlog
c:\users\gorya\source\repos\sfmlengine\sfmlengine\x64\debug\sfmlengine.tlog\cl.read.1.tlog
c:\users\gorya\source\repos\sfmlengine\sfmlengine\x64\debug\sfmlengine.tlog\cl.write.1.tlog
c:\users\gorya\source\repos\sfmlengine\sfmlengine\x64\debug\sfmlengine.tlog\link-cvtres.read.1.tlog
c:\users\gorya\source\repos\sfmlengine\sfmlengine\x64\debug\sfmlengine.tlog\link-cvtres.write.1.tlog
c:\users\gorya\source\repos\sfmlengine\sfmlengine\x64\debug\sfmlengine.tlog\link-rc.read.1.tlog
c:\users\gorya\source\repos\sfmlengine\sfmlengine\x64\debug\sfmlengine.tlog\link-rc.write.1.tlog
c:\users\gorya\source\repos\sfmlengine\sfmlengine\x64\debug\sfmlengine.tlog\link.21912-cvtres.read.1.tlog
c:\users\gorya\source\repos\sfmlengine\sfmlengine\x64\debug\sfmlengine.tlog\link.21912-cvtres.write.1.tlog
c:\users\gorya\source\repos\sfmlengine\sfmlengine\x64\debug\sfmlengine.tlog\link.21912-rc.read.1.tlog
c:\users\gorya\source\repos\sfmlengine\sfmlengine\x64\debug\sfmlengine.tlog\link.21912-rc.write.1.tlog
c:\users\gorya\source\repos\sfmlengine\sfmlengine\x64\debug\sfmlengine.tlog\link.21912.read.1.tlog
c:\users\gorya\source\repos\sfmlengine\sfmlengine\x64\debug\sfmlengine.tlog\link.21912.read.2.tlog
c:\users\gorya\source\repos\sfmlengine\sfmlengine\x64\debug\sfmlengine.tlog\link.21912.write.1.tlog
c:\users\gorya\source\repos\sfmlengine\sfmlengine\x64\debug\sfmlengine.tlog\link.command.1.tlog
c:\users\gorya\source\repos\sfmlengine\sfmlengine\x64\debug\sfmlengine.tlog\link.read.1.tlog
c:\users\gorya\source\repos\sfmlengine\sfmlengine\x64\debug\sfmlengine.tlog\link.read.2.tlog
c:\users\gorya\source\repos\sfmlengine\sfmlengine\x64\debug\sfmlengine.tlog\link.secondary.1.tlog
c:\users\gorya\source\repos\sfmlengine\sfmlengine\x64\debug\sfmlengine.tlog\link.write.1.tlog
